components/collateral/CollateralItemCard.tsx(106,50): error TS2741: Property 'alt' is missing in type '{ bucket: string; path: string; className: string; }' but required in type 'SignedImageProps'.
components/customers/CustomerForm.tsx(8,80): error TS2307: Cannot find module '@/components/ui/form' or its corresponding type declarations.
components/customers/CustomerForm.tsx(114,44): error TS7031: Binding element 'field' implicitly has an 'any' type.
components/customers/CustomerForm.tsx(127,44): error TS7031: Binding element 'field' implicitly has an 'any' type.
components/customers/CustomerForm.tsx(140,44): error TS7031: Binding element 'field' implicitly has an 'any' type.
components/customers/CustomerForm.tsx(153,44): error TS7031: Binding element 'field' implicitly has an 'any' type.
components/customers/CustomerForm.tsx(166,44): error TS7031: Binding element 'field' implicitly has an 'any' type.
components/customers/CustomerForm.tsx(179,44): error TS7031: Binding element 'field' implicitly has an 'any' type.
components/customers/CustomerForm.tsx(193,40): error TS7031: Binding element 'field' implicitly has an 'any' type.
components/loans/LoanForm.tsx(7,80): error TS2307: Cannot find module '@/components/ui/form' or its corresponding type declarations.
components/loans/LoanForm.tsx(74,8): error TS2554: Expected 0-1 arguments, but got 2.
components/loans/LoanForm.tsx(185,40): error TS7031: Binding element 'field' implicitly has an 'any' type.
components/loans/LoanForm.tsx(209,44): error TS7031: Binding element 'field' implicitly has an 'any' type.
components/loans/LoanForm.tsx(222,44): error TS7031: Binding element 'field' implicitly has an 'any' type.
components/loans/LoanForm.tsx(236,44): error TS7031: Binding element 'field' implicitly has an 'any' type.
components/loans/LoanForm.tsx(252,44): error TS7031: Binding element 'field' implicitly has an 'any' type.
components/loans/LoanForm.tsx(266,40): error TS7031: Binding element 'field' implicitly has an 'any' type.
components/loans/PaymentForm.tsx(8,80): error TS2307: Cannot find module '@/components/ui/form' or its corresponding type declarations.
components/loans/PaymentForm.tsx(86,40): error TS7031: Binding element 'field' implicitly has an 'any' type.
components/loans/PaymentForm.tsx(99,40): error TS7031: Binding element 'field' implicitly has an 'any' type.
components/loans/PaymentForm.tsx(112,40): error TS7031: Binding element 'field' implicitly has an 'any' type.
components/shared/ConfirmDialog.tsx(39,45): error TS2322: Type '{ children: Element; asChild: true; }' is not assignable to type 'IntrinsicAttributes & Omit<DialogDescriptionProps, "ref"> & RefAttributes<HTMLParagraphElement>'.
  Property 'asChild' does not exist on type 'IntrinsicAttributes & Omit<DialogDescriptionProps, "ref"> & RefAttributes<HTMLParagraphElement>'.
components/shared/ConfirmDialog.tsx(45,40): error TS2322: Type '{ children: Element; asChild: true; }' is not assignable to type 'IntrinsicAttributes & ButtonProps & VariantProps<(props?: (ConfigVariants<{ variant: { default: string; outline: string; secondary: string; ghost: string; destructive: string; link: string; }; size: { ...; }; }> & ClassProp) | undefined) => string>'.
  Property 'asChild' does not exist on type 'IntrinsicAttributes & ButtonProps & VariantProps<(props?: (ConfigVariants<{ variant: { default: string; outline: string; secondary: string; ghost: string; destructive: string; link: string; }; size: { ...; }; }> & ClassProp) | undefined) => string>'.
components/shared/SignedImage.tsx(5,36): error TS2307: Cannot find module '@/app/actions/storage' or its corresponding type declarations.
lib/interest.test.ts(1,40): error TS2307: Cannot find module 'vitest' or its corresponding type declarations.
scripts/seed.ts(23,62): error TS2769: No overload matches this call.
  Overload 1 of 2, '(value: { userId: string | SQL<unknown> | Placeholder<string, any>; name: string | SQL<unknown> | Placeholder<string, any>; id?: string | SQL<unknown> | Placeholder<string, any> | undefined; ... 9 more ...; isActive?: boolean | ... 2 more ... | undefined; }): PgInsertBase<...>', gave the following error.
    Argument of type '{ name: string; email: string; phone: string; nationalIdType: string; nationalIdNumber: string; nationalIdImagePaths: never[]; notes: string; }' is not assignable to parameter of type '{ userId: string | SQL<unknown> | Placeholder<string, any>; name: string | SQL<unknown> | Placeholder<string, any>; id?: string | SQL<unknown> | Placeholder<string, any> | undefined; ... 9 more ...; isActive?: boolean | ... 2 more ... | undefined; }'.
      Property 'userId' is missing in type '{ name: string; email: string; phone: string; nationalIdType: string; nationalIdNumber: string; nationalIdImagePaths: never[]; notes: string; }' but required in type '{ userId: string | SQL<unknown> | Placeholder<string, any>; name: string | SQL<unknown> | Placeholder<string, any>; id?: string | SQL<unknown> | Placeholder<string, any> | undefined; ... 9 more ...; isActive?: boolean | ... 2 more ... | undefined; }'.
  Overload 2 of 2, '(values: { userId: string | SQL<unknown> | Placeholder<string, any>; name: string | SQL<unknown> | Placeholder<string, any>; id?: string | SQL<unknown> | Placeholder<string, any> | undefined; ... 9 more ...; isActive?: boolean | ... 2 more ... | undefined; }[]): PgInsertBase<...>', gave the following error.
    Object literal may only specify known properties, and 'name' does not exist in type '{ userId: string | SQL<unknown> | Placeholder<string, any>; name: string | SQL<unknown> | Placeholder<string, any>; id?: string | SQL<unknown> | Placeholder<string, any> | undefined; ... 9 more ...; isActive?: boolean | ... 2 more ... | undefined; }[]'.
scripts/seed.ts(36,54): error TS2769: No overload matches this call.
  Overload 1 of 2, '(value: { customerId: string | SQL<unknown> | Placeholder<string, any>; principalAmount: string | SQL<unknown> | Placeholder<string, any>; startDate: string | SQL<...> | Placeholder<...>; ... 6 more ...; status?: SQL<...> | ... 4 more ... | undefined; }): PgInsertBase<...>', gave the following error.
    Type 'Date' is not assignable to type 'string | SQL<unknown> | Placeholder<string, any>'.
  Overload 2 of 2, '(values: { customerId: string | SQL<unknown> | Placeholder<string, any>; principalAmount: string | SQL<unknown> | Placeholder<string, any>; startDate: string | SQL<...> | Placeholder<...>; ... 6 more ...; status?: SQL<...> | ... 4 more ... | undefined; }[]): PgInsertBase<...>', gave the following error.
    Object literal may only specify known properties, and 'customerId' does not exist in type '{ customerId: string | SQL<unknown> | Placeholder<string, any>; principalAmount: string | SQL<unknown> | Placeholder<string, any>; startDate: string | SQL<...> | Placeholder<...>; ... 6 more ...; status?: SQL<...> | ... 4 more ... | undefined; }[]'.
scripts/seed.ts(59,13): error TS2769: No overload matches this call.
  Overload 2 of 2, '(values: { status: SQL<unknown> | "overdue" | "open" | "closed" | Placeholder<string, any>; loanId: string | SQL<unknown> | Placeholder<string, any>; cycleNumber: number | ... 1 more ... | Placeholder<...>; ... 7 more ...; totalPaid?: string | ... 2 more ... | undefined; }[]): PgInsertBase<...>', gave the following error.
    Object literal may only specify known properties, and 'loanId' does not exist in type '{ status: SQL<unknown> | "overdue" | "open" | "closed" | Placeholder<string, any>; loanId: string | SQL<unknown> | Placeholder<string, any>; cycleNumber: number | ... 1 more ... | Placeholder<...>; ... 7 more ...; totalPaid?: string | ... 2 more ... | undefined; }[]'.
scripts/seed.ts(73,42): error TS2769: No overload matches this call.
  Overload 1 of 2, '(value: { loanId: string | SQL<unknown> | Placeholder<string, any>; amount: string | SQL<unknown> | Placeholder<string, any>; paidAt: string | SQL<unknown> | Placeholder<...>; id?: string | ... 2 more ... | undefined; createdAt?: Date | ... 2 more ... | undefined; cycleId?: string | ... 3 more ... | undefined; note?: string | ... 3 more ... | undefined; }): PgInsertBase<...>', gave the following error.
    Type 'Date' is not assignable to type 'string | SQL<unknown> | Placeholder<string, any>'.
  Overload 2 of 2, '(values: { loanId: string | SQL<unknown> | Placeholder<string, any>; amount: string | SQL<unknown> | Placeholder<string, any>; paidAt: string | SQL<unknown> | Placeholder<...>; id?: string | ... 2 more ... | undefined; createdAt?: Date | ... 2 more ... | undefined; cycleId?: string | ... 3 more ... | undefined; note?: string | ... 3 more ... | undefined; }[]): PgInsertBase<...>', gave the following error.
    Object literal may only specify known properties, and 'loanId' does not exist in type '{ loanId: string | SQL<unknown> | Placeholder<string, any>; amount: string | SQL<unknown> | Placeholder<string, any>; paidAt: string | SQL<unknown> | Placeholder<...>; id?: string | ... 2 more ... | undefined; createdAt?: Date | ... 2 more ... | undefined; cycleId?: string | ... 3 more ... | undefined; note?: string...'.
scripts/seed.ts(83,13): error TS2769: No overload matches this call.
  Overload 2 of 2, '(values: { status: SQL<unknown> | "overdue" | "open" | "closed" | Placeholder<string, any>; loanId: string | SQL<unknown> | Placeholder<string, any>; cycleNumber: number | ... 1 more ... | Placeholder<...>; ... 7 more ...; totalPaid?: string | ... 2 more ... | undefined; }[]): PgInsertBase<...>', gave the following error.
    Object literal may only specify known properties, and 'loanId' does not exist in type '{ status: SQL<unknown> | "overdue" | "open" | "closed" | Placeholder<string, any>; loanId: string | SQL<unknown> | Placeholder<string, any>; cycleNumber: number | ... 1 more ... | Placeholder<...>; ... 7 more ...; totalPaid?: string | ... 2 more ... | undefined; }[]'.
scripts/seed.ts(98,55): error TS2769: No overload matches this call.
  Overload 1 of 2, '(value: { customerId: string | SQL<unknown> | Placeholder<string, any>; principalAmount: string | SQL<unknown> | Placeholder<string, any>; startDate: string | SQL<...> | Placeholder<...>; ... 6 more ...; status?: SQL<...> | ... 4 more ... | undefined; }): PgInsertBase<...>', gave the following error.
    Type 'Date' is not assignable to type 'string | SQL<unknown> | Placeholder<string, any>'.
  Overload 2 of 2, '(values: { customerId: string | SQL<unknown> | Placeholder<string, any>; principalAmount: string | SQL<unknown> | Placeholder<string, any>; startDate: string | SQL<...> | Placeholder<...>; ... 6 more ...; status?: SQL<...> | ... 4 more ... | undefined; }[]): PgInsertBase<...>', gave the following error.
    Object literal may only specify known properties, and 'customerId' does not exist in type '{ customerId: string | SQL<unknown> | Placeholder<string, any>; principalAmount: string | SQL<unknown> | Placeholder<string, any>; startDate: string | SQL<...> | Placeholder<...>; ... 6 more ...; status?: SQL<...> | ... 4 more ... | undefined; }[]'.
scripts/seed.ts(109,13): error TS2769: No overload matches this call.
  Overload 2 of 2, '(values: { status: SQL<unknown> | "overdue" | "open" | "closed" | Placeholder<string, any>; loanId: string | SQL<unknown> | Placeholder<string, any>; cycleNumber: number | ... 1 more ... | Placeholder<...>; ... 7 more ...; totalPaid?: string | ... 2 more ... | undefined; }[]): PgInsertBase<...>', gave the following error.
    Object literal may only specify known properties, and 'loanId' does not exist in type '{ status: SQL<unknown> | "overdue" | "open" | "closed" | Placeholder<string, any>; loanId: string | SQL<unknown> | Placeholder<string, any>; cycleNumber: number | ... 1 more ... | Placeholder<...>; ... 7 more ...; totalPaid?: string | ... 2 more ... | undefined; }[]'.
src/app/(auth)/signin/page.tsx(6,10): error TS2305: Module '"@hugeicons/react"' has no exported member 'HugepagesIcon'.
src/app/(dashboard)/layout.tsx(4,10): error TS2305: Module '"@hugeicons/react"' has no exported member 'HugepagesIcon'.
src/app/(dashboard)/layout.tsx(44,60): error TS2322: Type '{ children: Element; asChild: true; isActive: boolean; }' is not assignable to type 'IntrinsicAttributes & ClassAttributes<HTMLButtonElement> & ButtonHTMLAttributes<HTMLButtonElement> & { ...; } & { ...; } & VariantProps<...>'.
  Property 'asChild' does not exist on type 'IntrinsicAttributes & ClassAttributes<HTMLButtonElement> & ButtonHTMLAttributes<HTMLButtonElement> & { ...; } & { ...; } & VariantProps<...>'.
src/app/(dashboard)/layout.tsx(59,56): error TS2322: Type '{ children: Element; asChild: true; }' is not assignable to type 'IntrinsicAttributes & ClassAttributes<HTMLButtonElement> & ButtonHTMLAttributes<HTMLButtonElement> & { ...; } & { ...; } & VariantProps<...>'.
  Property 'asChild' does not exist on type 'IntrinsicAttributes & ClassAttributes<HTMLButtonElement> & ButtonHTMLAttributes<HTMLButtonElement> & { ...; } & { ...; } & VariantProps<...>'.
